<?xml version="1.0" encoding="UTF-8"?>
<!-- Generated by org.testng.reporters.JUnitReportReporter -->
<testsuite hostname="NejiKaze" name="com.example.tests.GroupCreationTests" tests="2" failures="0" timestamp="17 Dec 2015 17:07:52 GMT" time="4.410" errors="0">
  <testcase name="testNonEmptyGroupCreation" time="2.156" classname="com.example.tests.GroupCreationTests"/>
  <testcase name="testEmptyGroupCreation" time="2.254" classname="com.example.tests.GroupCreationTests"/>
</testsuite> <!-- com.example.tests.GroupCreationTests -->
