<?xml version="1.0" encoding="UTF-8"?>
<!-- Generated by org.testng.reporters.JUnitReportReporter -->
<testsuite hostname="NejiKaze" name="com.example.tests.GroupCreationTests" tests="2" failures="0" timestamp="23 Dec 2015 06:22:42 GMT" time="6.912" errors="0">
  <testcase name="testNonEmptyGroupCreation" time="1.879" classname="com.example.tests.GroupCreationTests"/>
  <testcase name="testEmptyGroupCreation" time="5.033" classname="com.example.tests.GroupCreationTests"/>
</testsuite> <!-- com.example.tests.GroupCreationTests -->
