<?xml version="1.0" encoding="UTF-8"?>
<!-- Generated by org.testng.reporters.JUnitReportReporter -->
<testsuite hostname="NejiKaze" name="com.example.tests.GroupModificationTests" tests="1" failures="0" timestamp="28 Dec 2015 14:55:33 GMT" time="2.289" errors="0">
  <testcase name="modifySomeGroup" time="2.289" classname="com.example.tests.GroupModificationTests"/>
</testsuite> <!-- com.example.tests.GroupModificationTests -->
