<?xml version="1.0" encoding="UTF-8"?>
<!-- Generated by org.testng.reporters.JUnitReportReporter -->
<testsuite hostname="NejiKaze" name="com.example.tests.GroupCreationTests" tests="2" failures="0" timestamp="16 Dec 2015 19:22:02 GMT" time="2.168" errors="0">
  <testcase name="testEmptyGroupCreation" time="1.069" classname="com.example.tests.GroupCreationTests"/>
  <testcase name="testNonEmptyGroupCreation" time="1.099" classname="com.example.tests.GroupCreationTests"/>
</testsuite> <!-- com.example.tests.GroupCreationTests -->
