<?xml version="1.0" encoding="UTF-8"?>
<!-- Generated by org.testng.reporters.JUnitReportReporter -->
<testsuite hostname="NejiKaze" name="com.example.tests.ContactRemovalTests" tests="1" failures="0" timestamp="29 Dec 2015 15:03:00 GMT" time="3.267" errors="0">
  <testcase name="deleteSomeContact" time="3.267" classname="com.example.tests.ContactRemovalTests"/>
</testsuite> <!-- com.example.tests.ContactRemovalTests -->
