<?xml version="1.0" encoding="UTF-8"?>
<!-- Generated by org.testng.reporters.JUnitReportReporter -->
<testsuite hostname="NejiKaze" name="com.example.tests.AlsoGroupCreationTests" tests="2" failures="0" timestamp="16 Dec 2015 19:22:02 GMT" time="2.818" errors="0">
  <testcase name="testEmptyGroupCreation" time="1.141" classname="com.example.tests.AlsoGroupCreationTests"/>
  <testcase name="testNonEmptyGroupCreation" time="1.677" classname="com.example.tests.AlsoGroupCreationTests"/>
</testsuite> <!-- com.example.tests.AlsoGroupCreationTests -->
