<?xml version="1.0" encoding="UTF-8"?>
<!-- Generated by org.testng.reporters.JUnitReportReporter -->
<testsuite hostname="NejiKaze" name="com.example.tests.ContactRemovalTests" tests="1" failures="0" timestamp="28 Dec 2015 08:07:15 GMT" time="0.849" errors="0">
  <testcase name="deleteSomeContact" time="0.849" classname="com.example.tests.ContactRemovalTests"/>
</testsuite> <!-- com.example.tests.ContactRemovalTests -->
