<?xml version="1.0" encoding="UTF-8"?>
<!-- Generated by org.testng.reporters.JUnitReportReporter -->
<testsuite hostname="NejiKaze" name="com.example.tests.ContactModificationTests" tests="1" failures="0" timestamp="23 Dec 2015 14:13:27 GMT" time="1.864" errors="0">
  <testcase name="modifyContactByIndex" time="1.864" classname="com.example.tests.ContactModificationTests"/>
</testsuite> <!-- com.example.tests.ContactModificationTests -->
