<?xml version="1.0" encoding="UTF-8"?>
<!-- Generated by org.testng.reporters.JUnitReportReporter -->
<testsuite hostname="NejiKaze" name="com.example.tests.GroupModificationTests" tests="5" failures="0" timestamp="28 Dec 2015 15:46:06 GMT" time="9.296" errors="0">
  <testcase name="modifySomeGroup" time="2.485" classname="com.example.tests.GroupModificationTests"/>
  <testcase name="modifySomeGroup" time="1.677" classname="com.example.tests.GroupModificationTests"/>
  <testcase name="modifySomeGroup" time="2.042" classname="com.example.tests.GroupModificationTests"/>
  <testcase name="modifySomeGroup" time="1.537" classname="com.example.tests.GroupModificationTests"/>
  <testcase name="modifySomeGroup" time="1.555" classname="com.example.tests.GroupModificationTests"/>
</testsuite> <!-- com.example.tests.GroupModificationTests -->
