<?xml version="1.0" encoding="UTF-8"?>
<!-- Generated by org.testng.reporters.JUnitReportReporter -->
<testsuite hostname="NejiKaze" name="com.example.tests.ContactRemovalTests" tests="1" failures="0" timestamp="23 Dec 2015 13:55:17 GMT" time="1.314" errors="0">
  <testcase name="deleteSomeContact" time="1.314" classname="com.example.tests.ContactRemovalTests"/>
</testsuite> <!-- com.example.tests.ContactRemovalTests -->
