<?xml version="1.0" encoding="UTF-8"?>
<!-- Generated by org.testng.reporters.JUnitReportReporter -->
<testsuite hostname="NejiKaze" name="com.example.tests.GroupCreationTests" tests="2" failures="0" timestamp="28 Dec 2015 14:55:14 GMT" time="4.749" errors="0">
  <testcase name="testNonEmptyGroupCreation" time="2.045" classname="com.example.tests.GroupCreationTests"/>
  <testcase name="testEmptyGroupCreation" time="2.704" classname="com.example.tests.GroupCreationTests"/>
</testsuite> <!-- com.example.tests.GroupCreationTests -->
