<?xml version="1.0" encoding="UTF-8"?>
<!-- Generated by org.testng.reporters.JUnitReportReporter -->
<testsuite hostname="NejiKaze" name="com.example.tests.GroupRemovalTests" tests="1" failures="0" timestamp="28 Dec 2015 15:33:27 GMT" time="1.558" errors="0">
  <testcase name="deleteSomeGroup" time="1.558" classname="com.example.tests.GroupRemovalTests"/>
</testsuite> <!-- com.example.tests.GroupRemovalTests -->
