<?xml version="1.0" encoding="UTF-8"?>
<!-- Generated by org.testng.reporters.JUnitReportReporter -->
<testsuite hostname="NejiKaze" name="com.example.tests.ContactModificationTests" tests="1" failures="0" timestamp="29 Dec 2015 15:03:33 GMT" time="3.436" errors="0">
  <testcase name="modifyContactByIndex" time="3.436" classname="com.example.tests.ContactModificationTests"/>
</testsuite> <!-- com.example.tests.ContactModificationTests -->
