<?xml version="1.0" encoding="UTF-8"?>
<!-- Generated by org.testng.reporters.JUnitReportReporter -->
<testsuite hostname="NejiKaze" name="com.example.tests.ContactCreationTests" tests="2" failures="0" timestamp="29 Dec 2015 15:02:38 GMT" time="9.018" errors="0">
  <testcase name="testNonEmptyContactCreation" time="4.910" classname="com.example.tests.ContactCreationTests"/>
  <testcase name="testEmptyContactCreation" time="4.108" classname="com.example.tests.ContactCreationTests"/>
</testsuite> <!-- com.example.tests.ContactCreationTests -->
