<?xml version="1.0" encoding="UTF-8"?>
<!-- Generated by org.testng.reporters.JUnitReportReporter -->
<testsuite hostname="NejiKaze" name="com.example.tests.ContactModificationTests" tests="3" failures="0" timestamp="30 Dec 2015 10:52:54 GMT" time="20.984" errors="0">
  <testcase name="modifyContactByIndex" time="6.554" classname="com.example.tests.ContactModificationTests"/>
  <testcase name="modifyContactByIndex" time="6.708" classname="com.example.tests.ContactModificationTests"/>
  <testcase name="modifyContactByIndex" time="7.722" classname="com.example.tests.ContactModificationTests"/>
</testsuite> <!-- com.example.tests.ContactModificationTests -->
