<?xml version="1.0" encoding="UTF-8"?>
<!-- Generated by org.testng.reporters.JUnitReportReporter -->
<testsuite hostname="NejiKaze" name="com.example.tests.ContactCreationTests" tests="2" failures="0" timestamp="23 Dec 2015 06:22:42 GMT" time="5.218" errors="0">
  <testcase name="testEmptyContactCreation" time="2.392" classname="com.example.tests.ContactCreationTests"/>
  <testcase name="testNonEmptyContactCreation" time="2.826" classname="com.example.tests.ContactCreationTests"/>
</testsuite> <!-- com.example.tests.ContactCreationTests -->
