<?xml version="1.0" encoding="UTF-8"?>
<!-- Generated by org.testng.reporters.JUnitReportReporter -->
<testsuite hostname="NejiKaze" name="com.example.tests.ContactModificationTests" tests="1" failures="0" timestamp="28 Dec 2015 08:07:15 GMT" time="1.314" errors="0">
  <testcase name="modifyContactByIndex" time="1.314" classname="com.example.tests.ContactModificationTests"/>
</testsuite> <!-- com.example.tests.ContactModificationTests -->
