<?xml version="1.0" encoding="UTF-8"?>
<!-- Generated by org.testng.reporters.JUnitReportReporter -->
<testsuite hostname="NejiKaze" name="com.example.tests.GroupModificationTests" tests="1" failures="0" timestamp="23 Dec 2015 12:59:38 GMT" time="2.371" errors="0">
  <testcase name="modifySomeGroup" time="2.371" classname="com.example.tests.GroupModificationTests"/>
</testsuite> <!-- com.example.tests.GroupModificationTests -->
