<?xml version="1.0" encoding="UTF-8"?>
<!-- Generated by org.testng.reporters.JUnitReportReporter -->
<testsuite hostname="NejiKaze" name="com.example.tests.ContactCreationTests" tests="2" failures="0" timestamp="28 Dec 2015 08:07:15 GMT" time="4.940" errors="0">
  <testcase name="testEmptyContactCreation" time="2.131" classname="com.example.tests.ContactCreationTests"/>
  <testcase name="testNonEmptyContactCreation" time="2.809" classname="com.example.tests.ContactCreationTests"/>
</testsuite> <!-- com.example.tests.ContactCreationTests -->
