<?xml version="1.0" encoding="UTF-8"?>
<!-- Generated by org.testng.reporters.JUnitReportReporter -->
<testsuite hostname="NejiKaze" name="com.example.tests.ContactRemovalTests" tests="1" failures="0" timestamp="30 Dec 2015 10:54:15 GMT" time="6.224" errors="0">
  <testcase name="deleteSomeContact" time="6.224" classname="com.example.tests.ContactRemovalTests"/>
</testsuite> <!-- com.example.tests.ContactRemovalTests -->
