<?xml version="1.0" encoding="UTF-8"?>
<!-- Generated by org.testng.reporters.JUnitReportReporter -->
<testsuite hostname="NejiKaze" name="com.example.tests.ContactCreationTests" tests="3" failures="0" timestamp="30 Dec 2015 10:52:09 GMT" time="20.955" errors="0">
  <testcase name="testContactCreationWithValidData" time="7.821" classname="com.example.tests.ContactCreationTests"/>
  <testcase name="testContactCreationWithValidData" time="6.881" classname="com.example.tests.ContactCreationTests"/>
  <testcase name="testContactCreationWithValidData" time="6.253" classname="com.example.tests.ContactCreationTests"/>
</testsuite> <!-- com.example.tests.ContactCreationTests -->
