<?xml version="1.0" encoding="UTF-8"?>
<!-- Generated by org.testng.reporters.JUnitReportReporter -->
<testsuite hostname="NejiKaze" name="com.example.tests.ContactCreationTests" tests="2" failures="0" timestamp="17 Dec 2015 17:07:52 GMT" time="7.889" errors="0">
  <testcase name="testEmptyContactCreation" time="3.840" classname="com.example.tests.ContactCreationTests"/>
  <testcase name="testNonEmptyContactCreation" time="4.049" classname="com.example.tests.ContactCreationTests"/>
</testsuite> <!-- com.example.tests.ContactCreationTests -->
